<?xml version="1.0" encoding="UTF-8"?>
<!-- Generated by org.testng.reporters.JUnitXMLReporter -->
<testsuite ignored="0" hostname="PF3APVCD" failures="0" tests="3" name="InvestorPortal" time="131.567" errors="0" timestamp="2024-06-06T19:29:00 IST">
  <testcase classname="com.Investor.tests.LoginInvestorPortal" name="validateResetPasswordUsingChangePassword" time="29.267"/>
  <testcase classname="com.Investor.tests.LoginInvestorPortal" name="userLoginByNewlySetPassword" time="43.621"/>
  <testcase classname="com.Investor.tests.LoginInvestorPortal" name="validateUserLoginByOldPassword" time="58.632"/>
</testsuite> <!-- InvestorPortal -->
